<?xml version="1.0" encoding="UTF-8"?>
<!-- Generated by org.testng.reporters.JUnitXMLReporter -->
<testsuite ignored="0" hostname="GURU" failures="0" tests="3" name="Default test" time="0.046" errors="0" timestamp="2023-05-27T09:40:29 IST">
  <testcase classname="dataProviders.DataProviderPractice" name="bookTicketTest" time="0.008"/>
  <testcase classname="dataProviders.DataProviderPractice" name="bookTicketTest" time="0.001"/>
  <testcase classname="dataProviders.DataProviderPractice" name="bookTicketTest" time="0.001"/>
</testsuite> <!-- Default test -->
