<?xml version="1.0" encoding="UTF-8"?>
<!-- Generated by org.testng.reporters.JUnitXMLReporter -->
<testsuite ignored="0" hostname="GURU" failures="0" tests="7" name="Test" time="0.053" errors="0" timestamp="2023-05-15T13:08:08 IST">
  <testcase classname="groupExecution.TestClass1" name="demo1" time="0.009"/>
  <testcase classname="groupExecution.TestClass1" name="demo2" time="0.001"/>
  <testcase classname="groupExecution.TestClass1" name="demo3" time="0.001"/>
  <testcase classname="groupExecution.TestClass1" name="demo4" time="0.001"/>
  <testcase classname="groupExecution.TestClass2" name="test1" time="0.001"/>
  <testcase classname="groupExecution.TestClass2" name="test2" time="0.001"/>
  <testcase classname="groupExecution.TestClass2" name="test3" time="0.001"/>
</testsuite> <!-- Test -->
